This file contains any messages produced by compilers while
running configure, to aid debugging if configure makes a mistake.

It was created by openvswitch configure 1.9.0, which was
generated by GNU Autoconf 2.68.  Invocation command line was

  $ ./configure --with-linux=/lib/modules/3.5.0-23-generic/build --no-create --no-recursion

## --------- ##
## Platform. ##
## --------- ##

hostname = lsch
uname -m = x86_64
uname -r = 3.5.0-23-generic
uname -s = Linux
uname -v = #35~precise1-Ubuntu SMP Fri Jan 25 17:13:26 UTC 2013

/usr/bin/uname -p = unknown
/bin/uname -X     = unknown

/bin/arch              = unknown
/usr/bin/arch -k       = unknown
/usr/convex/getsysinfo = unknown
/usr/bin/hostinfo      = unknown
/bin/machine           = unknown
/usr/bin/oslevel       = unknown
/bin/universe          = unknown

PATH: /usr/local/sbin
PATH: /usr/local/bin
PATH: /usr/sbin
PATH: /usr/bin
PATH: /sbin
PATH: /bin
PATH: /usr/games


## ----------- ##
## Core tests. ##
## ----------- ##

configure:2337: checking for a BSD-compatible install
configure:2405: result: /usr/bin/install -c
configure:2416: checking whether build environment is sane
configure:2466: result: yes
configure:2607: checking for a thread-safe mkdir -p
configure:2646: result: /bin/mkdir -p
configure:2659: checking for gawk
configure:2689: result: no
configure:2659: checking for mawk
configure:2675: found /usr/bin/mawk
configure:2686: result: mawk
configure:2697: checking whether make sets $(MAKE)
configure:2719: result: yes
configure:2848: checking for gcc
configure:2864: found /usr/bin/gcc
configure:2875: result: gcc
configure:3104: checking for C compiler version
configure:3113: gcc --version >&5
gcc (Ubuntu/Linaro 4.7.2-2ubuntu1) 4.7.2
Copyright (C) 2012 Free Software Foundation, Inc.
This is free software; see the source for copying conditions.  There is NO
warranty; not even for MERCHANTABILITY or FITNESS FOR A PARTICULAR PURPOSE.

configure:3124: $? = 0
configure:3113: gcc -v >&5
Using built-in specs.
COLLECT_GCC=gcc
COLLECT_LTO_WRAPPER=/usr/lib/gcc/x86_64-linux-gnu/4.7/lto-wrapper
Target: x86_64-linux-gnu
Configured with: ../src/configure -v --with-pkgversion='Ubuntu/Linaro 4.7.2-2ubuntu1' --with-bugurl=file:///usr/share/doc/gcc-4.7/README.Bugs --enable-languages=c,c++,go,fortran,objc,obj-c++ --prefix=/usr --program-suffix=-4.7 --enable-shared --enable-linker-build-id --with-system-zlib --libexecdir=/usr/lib --without-included-gettext --enable-threads=posix --with-gxx-include-dir=/usr/include/c++/4.7 --libdir=/usr/lib --enable-nls --with-sysroot=/ --enable-clocale=gnu --enable-libstdcxx-debug --enable-libstdcxx-time=yes --enable-gnu-unique-object --enable-plugin --enable-objc-gc --disable-werror --with-arch-32=i686 --with-tune=generic --enable-checking=release --build=x86_64-linux-gnu --host=x86_64-linux-gnu --target=x86_64-linux-gnu
Thread model: posix
gcc version 4.7.2 (Ubuntu/Linaro 4.7.2-2ubuntu1) 
configure:3124: $? = 0
configure:3113: gcc -V >&5
gcc: error: unrecognized command line option '-V'
gcc: fatal error: no input files
compilation terminated.
configure:3124: $? = 4
configure:3113: gcc -qversion >&5
gcc: error: unrecognized command line option '-qversion'
gcc: fatal error: no input files
compilation terminated.
configure:3124: $? = 4
configure:3144: checking whether the C compiler works
configure:3166: gcc    conftest.c  >&5
configure:3170: $? = 0
configure:3218: result: yes
configure:3221: checking for C compiler default output file name
configure:3223: result: a.out
configure:3229: checking for suffix of executables
configure:3236: gcc -o conftest    conftest.c  >&5
configure:3240: $? = 0
configure:3262: result: 
configure:3284: checking whether we are cross compiling
configure:3292: gcc -o conftest    conftest.c  >&5
configure:3296: $? = 0
configure:3303: ./conftest
configure:3307: $? = 0
configure:3322: result: no
configure:3327: checking for suffix of object files
configure:3349: gcc -c   conftest.c >&5
configure:3353: $? = 0
configure:3374: result: o
configure:3378: checking whether we are using the GNU C compiler
configure:3397: gcc -c   conftest.c >&5
configure:3397: $? = 0
configure:3406: result: yes
configure:3415: checking whether gcc accepts -g
configure:3435: gcc -c -g  conftest.c >&5
configure:3435: $? = 0
configure:3476: result: yes
configure:3493: checking for gcc option to accept ISO C89
configure:3557: gcc  -c -g -O2  conftest.c >&5
configure:3557: $? = 0
configure:3570: result: none needed
configure:3601: checking for style of include used by make
configure:3629: result: GNU
configure:3655: checking dependency style of gcc
configure:3766: result: gcc3
configure:3782: checking whether gcc and cc understand -c and -o together
configure:3813: gcc -c conftest.c -o conftest2.o >&5
configure:3817: $? = 0
configure:3823: gcc -c conftest.c -o conftest2.o >&5
configure:3827: $? = 0
configure:3838: cc -c conftest.c >&5
configure:3842: $? = 0
configure:3850: cc -c conftest.c -o conftest2.o >&5
configure:3854: $? = 0
configure:3860: cc -c conftest.c -o conftest2.o >&5
configure:3864: $? = 0
configure:3882: result: yes
configure:3912: checking how to run the C preprocessor
configure:3943: gcc -E  conftest.c
configure:3943: $? = 0
configure:3957: gcc -E  conftest.c
conftest.c:11:28: fatal error: ac_nonexistent.h: No such file or directory
compilation terminated.
configure:3957: $? = 1
configure: failed program was:
| /* confdefs.h */
| #define PACKAGE_NAME "openvswitch"
| #define PACKAGE_TARNAME "openvswitch"
| #define PACKAGE_VERSION "1.9.0"
| #define PACKAGE_STRING "openvswitch 1.9.0"
| #define PACKAGE_BUGREPORT "ovs-bugs@openvswitch.org"
| #define PACKAGE_URL ""
| #define PACKAGE "openvswitch"
| #define VERSION "1.9.0"
| /* end confdefs.h.  */
| #include <ac_nonexistent.h>
configure:3982: result: gcc -E
configure:4002: gcc -E  conftest.c
configure:4002: $? = 0
configure:4016: gcc -E  conftest.c
conftest.c:11:28: fatal error: ac_nonexistent.h: No such file or directory
compilation terminated.
configure:4016: $? = 1
configure: failed program was:
| /* confdefs.h */
| #define PACKAGE_NAME "openvswitch"
| #define PACKAGE_TARNAME "openvswitch"
| #define PACKAGE_VERSION "1.9.0"
| #define PACKAGE_STRING "openvswitch 1.9.0"
| #define PACKAGE_BUGREPORT "ovs-bugs@openvswitch.org"
| #define PACKAGE_URL ""
| #define PACKAGE "openvswitch"
| #define VERSION "1.9.0"
| /* end confdefs.h.  */
| #include <ac_nonexistent.h>
configure:4087: checking for ranlib
configure:4103: found /usr/bin/ranlib
configure:4114: result: ranlib
configure:4137: checking for grep that handles long lines and -e
configure:4195: result: /bin/grep
configure:4200: checking for fgrep
configure:4262: result: /bin/grep -F
configure:4271: checking for perl
configure:4289: found /usr/bin/perl
configure:4302: result: /usr/bin/perl
configure:4320: checking for egrep
configure:4382: result: /bin/grep -E
configure:4387: checking for ANSI C header files
configure:4407: gcc -c -g -O2  conftest.c >&5
configure:4407: $? = 0
configure:4480: gcc -o conftest -g -O2   conftest.c  >&5
configure:4480: $? = 0
configure:4480: ./conftest
configure:4480: $? = 0
configure:4491: result: yes
configure:4504: checking for sys/types.h
configure:4504: gcc -c -g -O2  conftest.c >&5
configure:4504: $? = 0
configure:4504: result: yes
configure:4504: checking for sys/stat.h
configure:4504: gcc -c -g -O2  conftest.c >&5
configure:4504: $? = 0
configure:4504: result: yes
configure:4504: checking for stdlib.h
configure:4504: gcc -c -g -O2  conftest.c >&5
configure:4504: $? = 0
configure:4504: result: yes
configure:4504: checking for string.h
configure:4504: gcc -c -g -O2  conftest.c >&5
configure:4504: $? = 0
configure:4504: result: yes
configure:4504: checking for memory.h
configure:4504: gcc -c -g -O2  conftest.c >&5
configure:4504: $? = 0
configure:4504: result: yes
configure:4504: checking for strings.h
configure:4504: gcc -c -g -O2  conftest.c >&5
configure:4504: $? = 0
configure:4504: result: yes
configure:4504: checking for inttypes.h
configure:4504: gcc -c -g -O2  conftest.c >&5
configure:4504: $? = 0
configure:4504: result: yes
configure:4504: checking for stdint.h
configure:4504: gcc -c -g -O2  conftest.c >&5
configure:4504: $? = 0
configure:4504: result: yes
configure:4504: checking for unistd.h
configure:4504: gcc -c -g -O2  conftest.c >&5
configure:4504: $? = 0
configure:4504: result: yes
configure:4517: checking minix/config.h usability
configure:4517: gcc -c -g -O2  conftest.c >&5
conftest.c:54:26: fatal error: minix/config.h: No such file or directory
compilation terminated.
configure:4517: $? = 1
configure: failed program was:
| /* confdefs.h */
| #define PACKAGE_NAME "openvswitch"
| #define PACKAGE_TARNAME "openvswitch"
| #define PACKAGE_VERSION "1.9.0"
| #define PACKAGE_STRING "openvswitch 1.9.0"
| #define PACKAGE_BUGREPORT "ovs-bugs@openvswitch.org"
| #define PACKAGE_URL ""
| #define PACKAGE "openvswitch"
| #define VERSION "1.9.0"
| #define STDC_HEADERS 1
| #define HAVE_SYS_TYPES_H 1
| #define HAVE_SYS_STAT_H 1
| #define HAVE_STDLIB_H 1
| #define HAVE_STRING_H 1
| #define HAVE_MEMORY_H 1
| #define HAVE_STRINGS_H 1
| #define HAVE_INTTYPES_H 1
| #define HAVE_STDINT_H 1
| #define HAVE_UNISTD_H 1
| /* end confdefs.h.  */
| #include <stdio.h>
| #ifdef HAVE_SYS_TYPES_H
| # include <sys/types.h>
| #endif
| #ifdef HAVE_SYS_STAT_H
| # include <sys/stat.h>
| #endif
| #ifdef STDC_HEADERS
| # include <stdlib.h>
| # include <stddef.h>
| #else
| # ifdef HAVE_STDLIB_H
| #  include <stdlib.h>
| # endif
| #endif
| #ifdef HAVE_STRING_H
| # if !defined STDC_HEADERS && defined HAVE_MEMORY_H
| #  include <memory.h>
| # endif
| # include <string.h>
| #endif
| #ifdef HAVE_STRINGS_H
| # include <strings.h>
| #endif
| #ifdef HAVE_INTTYPES_H
| # include <inttypes.h>
| #endif
| #ifdef HAVE_STDINT_H
| # include <stdint.h>
| #endif
| #ifdef HAVE_UNISTD_H
| # include <unistd.h>
| #endif
| #include <minix/config.h>
configure:4517: result: no
configure:4517: checking minix/config.h presence
configure:4517: gcc -E  conftest.c
conftest.c:21:26: fatal error: minix/config.h: No such file or directory
compilation terminated.
configure:4517: $? = 1
configure: failed program was:
| /* confdefs.h */
| #define PACKAGE_NAME "openvswitch"
| #define PACKAGE_TARNAME "openvswitch"
| #define PACKAGE_VERSION "1.9.0"
| #define PACKAGE_STRING "openvswitch 1.9.0"
| #define PACKAGE_BUGREPORT "ovs-bugs@openvswitch.org"
| #define PACKAGE_URL ""
| #define PACKAGE "openvswitch"
| #define VERSION "1.9.0"
| #define STDC_HEADERS 1
| #define HAVE_SYS_TYPES_H 1
| #define HAVE_SYS_STAT_H 1
| #define HAVE_STDLIB_H 1
| #define HAVE_STRING_H 1
| #define HAVE_MEMORY_H 1
| #define HAVE_STRINGS_H 1
| #define HAVE_INTTYPES_H 1
| #define HAVE_STDINT_H 1
| #define HAVE_UNISTD_H 1
| /* end confdefs.h.  */
| #include <minix/config.h>
configure:4517: result: no
configure:4517: checking for minix/config.h
configure:4517: result: no
configure:4538: checking whether it is safe to define __EXTENSIONS__
configure:4556: gcc -c -g -O2  conftest.c >&5
configure:4556: $? = 0
configure:4563: result: yes
configure:4577: checking whether byte ordering is bigendian
configure:4592: gcc -c -g -O2  conftest.c >&5
conftest.c:27:9: error: unknown type name 'not'
conftest.c:27:15: error: expected '=', ',', ';', 'asm' or '__attribute__' before 'universal'
conftest.c:27:15: error: unknown type name 'universal'
configure:4592: $? = 1
configure: failed program was:
| /* confdefs.h */
| #define PACKAGE_NAME "openvswitch"
| #define PACKAGE_TARNAME "openvswitch"
| #define PACKAGE_VERSION "1.9.0"
| #define PACKAGE_STRING "openvswitch 1.9.0"
| #define PACKAGE_BUGREPORT "ovs-bugs@openvswitch.org"
| #define PACKAGE_URL ""
| #define PACKAGE "openvswitch"
| #define VERSION "1.9.0"
| #define STDC_HEADERS 1
| #define HAVE_SYS_TYPES_H 1
| #define HAVE_SYS_STAT_H 1
| #define HAVE_STDLIB_H 1
| #define HAVE_STRING_H 1
| #define HAVE_MEMORY_H 1
| #define HAVE_STRINGS_H 1
| #define HAVE_INTTYPES_H 1
| #define HAVE_STDINT_H 1
| #define HAVE_UNISTD_H 1
| #define __EXTENSIONS__ 1
| #define _ALL_SOURCE 1
| #define _GNU_SOURCE 1
| #define _POSIX_PTHREAD_SEMANTICS 1
| #define _TANDEM_SOURCE 1
| /* end confdefs.h.  */
| #ifndef __APPLE_CC__
| 	       not a universal capable compiler
| 	     #endif
| 	     typedef int dummy;
| 
configure:4637: gcc -c -g -O2  conftest.c >&5
configure:4637: $? = 0
configure:4655: gcc -c -g -O2  conftest.c >&5
conftest.c: In function 'main':
conftest.c:33:4: error: unknown type name 'not'
conftest.c:33:12: error: expected '=', ',', ';', 'asm' or '__attribute__' before 'endian'
configure:4655: $? = 1
configure: failed program was:
| /* confdefs.h */
| #define PACKAGE_NAME "openvswitch"
| #define PACKAGE_TARNAME "openvswitch"
| #define PACKAGE_VERSION "1.9.0"
| #define PACKAGE_STRING "openvswitch 1.9.0"
| #define PACKAGE_BUGREPORT "ovs-bugs@openvswitch.org"
| #define PACKAGE_URL ""
| #define PACKAGE "openvswitch"
| #define VERSION "1.9.0"
| #define STDC_HEADERS 1
| #define HAVE_SYS_TYPES_H 1
| #define HAVE_SYS_STAT_H 1
| #define HAVE_STDLIB_H 1
| #define HAVE_STRING_H 1
| #define HAVE_MEMORY_H 1
| #define HAVE_STRINGS_H 1
| #define HAVE_INTTYPES_H 1
| #define HAVE_STDINT_H 1
| #define HAVE_UNISTD_H 1
| #define __EXTENSIONS__ 1
| #define _ALL_SOURCE 1
| #define _GNU_SOURCE 1
| #define _POSIX_PTHREAD_SEMANTICS 1
| #define _TANDEM_SOURCE 1
| /* end confdefs.h.  */
| #include <sys/types.h>
| 		#include <sys/param.h>
| 
| int
| main ()
| {
| #if BYTE_ORDER != BIG_ENDIAN
| 		 not big endian
| 		#endif
| 
|   ;
|   return 0;
| }
configure:4783: result: no
configure:4808: checking for special C compiler options needed for large files
configure:4853: result: no
configure:4859: checking for _FILE_OFFSET_BITS value needed for large files
configure:4884: gcc -c -g -O2  conftest.c >&5
configure:4884: $? = 0
configure:4916: result: no
configure:5000: checking for library containing pow
configure:5031: gcc -o conftest -g -O2   conftest.c  >&5
conftest.c:33:6: warning: conflicting types for built-in function 'pow' [enabled by default]
/tmp/ccJ5y9v3.o: In function `main':
/home/lsch/mytest/openvswitch-1.9.0/conftest.c:37: undefined reference to `pow'
collect2: error: ld returned 1 exit status
configure:5031: $? = 1
configure: failed program was:
| /* confdefs.h */
| #define PACKAGE_NAME "openvswitch"
| #define PACKAGE_TARNAME "openvswitch"
| #define PACKAGE_VERSION "1.9.0"
| #define PACKAGE_STRING "openvswitch 1.9.0"
| #define PACKAGE_BUGREPORT "ovs-bugs@openvswitch.org"
| #define PACKAGE_URL ""
| #define PACKAGE "openvswitch"
| #define VERSION "1.9.0"
| #define STDC_HEADERS 1
| #define HAVE_SYS_TYPES_H 1
| #define HAVE_SYS_STAT_H 1
| #define HAVE_STDLIB_H 1
| #define HAVE_STRING_H 1
| #define HAVE_MEMORY_H 1
| #define HAVE_STRINGS_H 1
| #define HAVE_INTTYPES_H 1
| #define HAVE_STDINT_H 1
| #define HAVE_UNISTD_H 1
| #define __EXTENSIONS__ 1
| #define _ALL_SOURCE 1
| #define _GNU_SOURCE 1
| #define _POSIX_PTHREAD_SEMANTICS 1
| #define _TANDEM_SOURCE 1
| /* end confdefs.h.  */
| 
| /* Override any GCC internal prototype to avoid an error.
|    Use char because int might match the return type of a GCC
|    builtin and then its argument prototype would still apply.  */
| #ifdef __cplusplus
| extern "C"
| #endif
| char pow ();
| int
| main ()
| {
| return pow ();
|   ;
|   return 0;
| }
configure:5031: gcc -o conftest -g -O2   conftest.c -lm   >&5
conftest.c:33:6: warning: conflicting types for built-in function 'pow' [enabled by default]
configure:5031: $? = 0
configure:5048: result: -lm
configure:5056: checking for library containing clock_gettime
configure:5087: gcc -o conftest -g -O2   conftest.c -lm  >&5
/tmp/ccMO5Jba.o: In function `main':
/home/lsch/mytest/openvswitch-1.9.0/conftest.c:37: undefined reference to `clock_gettime'
collect2: error: ld returned 1 exit status
configure:5087: $? = 1
configure: failed program was:
| /* confdefs.h */
| #define PACKAGE_NAME "openvswitch"
| #define PACKAGE_TARNAME "openvswitch"
| #define PACKAGE_VERSION "1.9.0"
| #define PACKAGE_STRING "openvswitch 1.9.0"
| #define PACKAGE_BUGREPORT "ovs-bugs@openvswitch.org"
| #define PACKAGE_URL ""
| #define PACKAGE "openvswitch"
| #define VERSION "1.9.0"
| #define STDC_HEADERS 1
| #define HAVE_SYS_TYPES_H 1
| #define HAVE_SYS_STAT_H 1
| #define HAVE_STDLIB_H 1
| #define HAVE_STRING_H 1
| #define HAVE_MEMORY_H 1
| #define HAVE_STRINGS_H 1
| #define HAVE_INTTYPES_H 1
| #define HAVE_STDINT_H 1
| #define HAVE_UNISTD_H 1
| #define __EXTENSIONS__ 1
| #define _ALL_SOURCE 1
| #define _GNU_SOURCE 1
| #define _POSIX_PTHREAD_SEMANTICS 1
| #define _TANDEM_SOURCE 1
| /* end confdefs.h.  */
| 
| /* Override any GCC internal prototype to avoid an error.
|    Use char because int might match the return type of a GCC
|    builtin and then its argument prototype would still apply.  */
| #ifdef __cplusplus
| extern "C"
| #endif
| char clock_gettime ();
| int
| main ()
| {
| return clock_gettime ();
|   ;
|   return 0;
| }
configure:5087: gcc -o conftest -g -O2   conftest.c -lrt  -lm  >&5
configure:5087: $? = 0
configure:5104: result: -lrt
configure:5112: checking for library containing timer_create
configure:5143: gcc -o conftest -g -O2   conftest.c -lrt -lm  >&5
configure:5143: $? = 0
configure:5160: result: none required
configure:5168: checking for library containing pcap_open_live
configure:5199: gcc -o conftest -g -O2   conftest.c -lrt -lm  >&5
/tmp/cc6PVXxD.o: In function `main':
/home/lsch/mytest/openvswitch-1.9.0/conftest.c:37: undefined reference to `pcap_open_live'
collect2: error: ld returned 1 exit status
configure:5199: $? = 1
configure: failed program was:
| /* confdefs.h */
| #define PACKAGE_NAME "openvswitch"
| #define PACKAGE_TARNAME "openvswitch"
| #define PACKAGE_VERSION "1.9.0"
| #define PACKAGE_STRING "openvswitch 1.9.0"
| #define PACKAGE_BUGREPORT "ovs-bugs@openvswitch.org"
| #define PACKAGE_URL ""
| #define PACKAGE "openvswitch"
| #define VERSION "1.9.0"
| #define STDC_HEADERS 1
| #define HAVE_SYS_TYPES_H 1
| #define HAVE_SYS_STAT_H 1
| #define HAVE_STDLIB_H 1
| #define HAVE_STRING_H 1
| #define HAVE_MEMORY_H 1
| #define HAVE_STRINGS_H 1
| #define HAVE_INTTYPES_H 1
| #define HAVE_STDINT_H 1
| #define HAVE_UNISTD_H 1
| #define __EXTENSIONS__ 1
| #define _ALL_SOURCE 1
| #define _GNU_SOURCE 1
| #define _POSIX_PTHREAD_SEMANTICS 1
| #define _TANDEM_SOURCE 1
| /* end confdefs.h.  */
| 
| /* Override any GCC internal prototype to avoid an error.
|    Use char because int might match the return type of a GCC
|    builtin and then its argument prototype would still apply.  */
| #ifdef __cplusplus
| extern "C"
| #endif
| char pcap_open_live ();
| int
| main ()
| {
| return pcap_open_live ();
|   ;
|   return 0;
| }
configure:5199: gcc -o conftest -g -O2   conftest.c -lpcap  -lrt -lm  >&5
configure:5199: $? = 0
configure:5216: result: -lpcap
configure:5225: checking vmware.h usability
configure:5225: gcc -c -g -O2  conftest.c >&5
conftest.c:59:20: fatal error: vmware.h: No such file or directory
compilation terminated.
configure:5225: $? = 1
configure: failed program was:
| /* confdefs.h */
| #define PACKAGE_NAME "openvswitch"
| #define PACKAGE_TARNAME "openvswitch"
| #define PACKAGE_VERSION "1.9.0"
| #define PACKAGE_STRING "openvswitch 1.9.0"
| #define PACKAGE_BUGREPORT "ovs-bugs@openvswitch.org"
| #define PACKAGE_URL ""
| #define PACKAGE "openvswitch"
| #define VERSION "1.9.0"
| #define STDC_HEADERS 1
| #define HAVE_SYS_TYPES_H 1
| #define HAVE_SYS_STAT_H 1
| #define HAVE_STDLIB_H 1
| #define HAVE_STRING_H 1
| #define HAVE_MEMORY_H 1
| #define HAVE_STRINGS_H 1
| #define HAVE_INTTYPES_H 1
| #define HAVE_STDINT_H 1
| #define HAVE_UNISTD_H 1
| #define __EXTENSIONS__ 1
| #define _ALL_SOURCE 1
| #define _GNU_SOURCE 1
| #define _POSIX_PTHREAD_SEMANTICS 1
| #define _TANDEM_SOURCE 1
| /* end confdefs.h.  */
| #include <stdio.h>
| #ifdef HAVE_SYS_TYPES_H
| # include <sys/types.h>
| #endif
| #ifdef HAVE_SYS_STAT_H
| # include <sys/stat.h>
| #endif
| #ifdef STDC_HEADERS
| # include <stdlib.h>
| # include <stddef.h>
| #else
| # ifdef HAVE_STDLIB_H
| #  include <stdlib.h>
| # endif
| #endif
| #ifdef HAVE_STRING_H
| # if !defined STDC_HEADERS && defined HAVE_MEMORY_H
| #  include <memory.h>
| # endif
| # include <string.h>
| #endif
| #ifdef HAVE_STRINGS_H
| # include <strings.h>
| #endif
| #ifdef HAVE_INTTYPES_H
| # include <inttypes.h>
| #endif
| #ifdef HAVE_STDINT_H
| # include <stdint.h>
| #endif
| #ifdef HAVE_UNISTD_H
| # include <unistd.h>
| #endif
| #include <vmware.h>
configure:5225: result: no
configure:5225: checking vmware.h presence
configure:5225: gcc -E  conftest.c
conftest.c:26:20: fatal error: vmware.h: No such file or directory
compilation terminated.
configure:5225: $? = 1
configure: failed program was:
| /* confdefs.h */
| #define PACKAGE_NAME "openvswitch"
| #define PACKAGE_TARNAME "openvswitch"
| #define PACKAGE_VERSION "1.9.0"
| #define PACKAGE_STRING "openvswitch 1.9.0"
| #define PACKAGE_BUGREPORT "ovs-bugs@openvswitch.org"
| #define PACKAGE_URL ""
| #define PACKAGE "openvswitch"
| #define VERSION "1.9.0"
| #define STDC_HEADERS 1
| #define HAVE_SYS_TYPES_H 1
| #define HAVE_SYS_STAT_H 1
| #define HAVE_STDLIB_H 1
| #define HAVE_STRING_H 1
| #define HAVE_MEMORY_H 1
| #define HAVE_STRINGS_H 1
| #define HAVE_INTTYPES_H 1
| #define HAVE_STDINT_H 1
| #define HAVE_UNISTD_H 1
| #define __EXTENSIONS__ 1
| #define _ALL_SOURCE 1
| #define _GNU_SOURCE 1
| #define _POSIX_PTHREAD_SEMANTICS 1
| #define _TANDEM_SOURCE 1
| /* end confdefs.h.  */
| #include <vmware.h>
configure:5225: result: no
configure:5225: checking for vmware.h
configure:5225: result: no
configure:5281: checking for linux/netlink.h
configure:5281: gcc -c -g -O2  conftest.c >&5
configure:5281: $? = 0
configure:5281: result: yes
configure:5359: checking for pkg-config
configure:5377: found /usr/bin/pkg-config
configure:5389: result: /usr/bin/pkg-config
configure:5414: checking pkg-config is at least version 0.9.0
configure:5417: result: yes
configure:5441: checking for SSL
configure:5448: $PKG_CONFIG --exists --print-errors "openssl"
configure:5451: $? = 0
configure:5465: $PKG_CONFIG --exists --print-errors "openssl"
configure:5468: $? = 0
configure:5538: result: yes
configure:5568: checking for Python 2.x for x >= 4
configure:5594: result: /usr/bin/python
configure:5614: checking for pyuic4
configure:5625: result: no
configure:5634: checking for PySide.QtCore Python module
running /usr/bin/python -c 'import PySide.QtCore
import sys
sys.exit(0)'...
Traceback (most recent call last):
  File "<string>", line 1, in <module>
ImportError: No module named PySide.QtCore
configure:5651: result: no
configure:5654: checking for PyQt4.QtCore Python module
running /usr/bin/python -c 'import PyQt4.QtCore
import sys
sys.exit(0)'...
Traceback (most recent call last):
  File "<string>", line 1, in <module>
ImportError: No module named PyQt4.QtCore
configure:5671: result: no
configure:5674: checking for twisted.conch.ssh Python module
running /usr/bin/python -c 'import twisted.conch.ssh
import sys
sys.exit(0)'...
configure:5691: result: yes
configure:5694: checking for twisted.internet Python module
running /usr/bin/python -c 'import twisted.internet
import sys
sys.exit(0)'...
configure:5711: result: yes
configure:5714: checking for twisted.application Python module
running /usr/bin/python -c 'import twisted.application
import sys
sys.exit(0)'...
configure:5731: result: yes
configure:5734: checking for json Python module
running /usr/bin/python -c 'import json
import sys
sys.exit(0)'...
configure:5751: result: yes
configure:5754: checking for zope.interface Python module
running /usr/bin/python -c 'import zope.interface
import sys
sys.exit(0)'...
configure:5771: result: yes
configure:5784: checking whether to build ovsdbmonitor
configure:5786: result: no
configure:5796: checking for dot
configure:5807: result: yes
configure:5817: checking net/if_packet.h usability
configure:5817: gcc -c -g -O2  conftest.c >&5
configure:5817: $? = 0
configure:5817: result: yes
configure:5817: checking net/if_packet.h presence
configure:5817: gcc -E  conftest.c
configure:5817: $? = 0
configure:5817: result: yes
configure:5817: checking for net/if_packet.h
configure:5817: result: yes
configure:5838: checking net/if_dl.h usability
configure:5838: gcc -c -g -O2  conftest.c >&5
conftest.c:62:23: fatal error: net/if_dl.h: No such file or directory
compilation terminated.
configure:5838: $? = 1
configure: failed program was:
| /* confdefs.h */
| #define PACKAGE_NAME "openvswitch"
| #define PACKAGE_TARNAME "openvswitch"
| #define PACKAGE_VERSION "1.9.0"
| #define PACKAGE_STRING "openvswitch 1.9.0"
| #define PACKAGE_BUGREPORT "ovs-bugs@openvswitch.org"
| #define PACKAGE_URL ""
| #define PACKAGE "openvswitch"
| #define VERSION "1.9.0"
| #define STDC_HEADERS 1
| #define HAVE_SYS_TYPES_H 1
| #define HAVE_SYS_STAT_H 1
| #define HAVE_STDLIB_H 1
| #define HAVE_STRING_H 1
| #define HAVE_MEMORY_H 1
| #define HAVE_STRINGS_H 1
| #define HAVE_INTTYPES_H 1
| #define HAVE_STDINT_H 1
| #define HAVE_UNISTD_H 1
| #define __EXTENSIONS__ 1
| #define _ALL_SOURCE 1
| #define _GNU_SOURCE 1
| #define _POSIX_PTHREAD_SEMANTICS 1
| #define _TANDEM_SOURCE 1
| #define HAVE_NETLINK 1
| #define HAVE_OPENSSL 1
| #define HAVE_IF_PACKET 1
| /* end confdefs.h.  */
| #include <stdio.h>
| #ifdef HAVE_SYS_TYPES_H
| # include <sys/types.h>
| #endif
| #ifdef HAVE_SYS_STAT_H
| # include <sys/stat.h>
| #endif
| #ifdef STDC_HEADERS
| # include <stdlib.h>
| # include <stddef.h>
| #else
| # ifdef HAVE_STDLIB_H
| #  include <stdlib.h>
| # endif
| #endif
| #ifdef HAVE_STRING_H
| # if !defined STDC_HEADERS && defined HAVE_MEMORY_H
| #  include <memory.h>
| # endif
| # include <string.h>
| #endif
| #ifdef HAVE_STRINGS_H
| # include <strings.h>
| #endif
| #ifdef HAVE_INTTYPES_H
| # include <inttypes.h>
| #endif
| #ifdef HAVE_STDINT_H
| # include <stdint.h>
| #endif
| #ifdef HAVE_UNISTD_H
| # include <unistd.h>
| #endif
| #include <net/if_dl.h>
configure:5838: result: no
configure:5838: checking net/if_dl.h presence
configure:5838: gcc -E  conftest.c
conftest.c:29:23: fatal error: net/if_dl.h: No such file or directory
compilation terminated.
configure:5838: $? = 1
configure: failed program was:
| /* confdefs.h */
| #define PACKAGE_NAME "openvswitch"
| #define PACKAGE_TARNAME "openvswitch"
| #define PACKAGE_VERSION "1.9.0"
| #define PACKAGE_STRING "openvswitch 1.9.0"
| #define PACKAGE_BUGREPORT "ovs-bugs@openvswitch.org"
| #define PACKAGE_URL ""
| #define PACKAGE "openvswitch"
| #define VERSION "1.9.0"
| #define STDC_HEADERS 1
| #define HAVE_SYS_TYPES_H 1
| #define HAVE_SYS_STAT_H 1
| #define HAVE_STDLIB_H 1
| #define HAVE_STRING_H 1
| #define HAVE_MEMORY_H 1
| #define HAVE_STRINGS_H 1
| #define HAVE_INTTYPES_H 1
| #define HAVE_STDINT_H 1
| #define HAVE_UNISTD_H 1
| #define __EXTENSIONS__ 1
| #define _ALL_SOURCE 1
| #define _GNU_SOURCE 1
| #define _POSIX_PTHREAD_SEMANTICS 1
| #define _TANDEM_SOURCE 1
| #define HAVE_NETLINK 1
| #define HAVE_OPENSSL 1
| #define HAVE_IF_PACKET 1
| /* end confdefs.h.  */
| #include <net/if_dl.h>
configure:5838: result: no
configure:5838: checking for net/if_dl.h
configure:5838: result: no
configure:5859: checking whether strtok_r macro segfaults on some inputs
configure:5888: gcc -o conftest -g -O2   conftest.c -lpcap -lrt -lm  >&5
conftest.c: In function 'main':
conftest.c:40:36: warning: ignoring return value of 'freopen', declared with attribute warn_unused_result [-Wunused-result]
configure:5888: $? = 0
configure:5888: ./conftest
configure:5888: $? = 0
configure:5898: result: no
configure:5906: checking for struct stat.st_mtim.tv_nsec
configure:5906: gcc -c -g -O2  conftest.c >&5
configure:5906: $? = 0
configure:5906: result: yes
configure:5916: checking for struct stat.st_mtimensec
configure:5916: gcc -c -g -O2  conftest.c >&5
conftest.c: In function 'main':
conftest.c:36:12: error: 'struct stat' has no member named 'st_mtimensec'
configure:5916: $? = 1
configure: failed program was:
| /* confdefs.h */
| #define PACKAGE_NAME "openvswitch"
| #define PACKAGE_TARNAME "openvswitch"
| #define PACKAGE_VERSION "1.9.0"
| #define PACKAGE_STRING "openvswitch 1.9.0"
| #define PACKAGE_BUGREPORT "ovs-bugs@openvswitch.org"
| #define PACKAGE_URL ""
| #define PACKAGE "openvswitch"
| #define VERSION "1.9.0"
| #define STDC_HEADERS 1
| #define HAVE_SYS_TYPES_H 1
| #define HAVE_SYS_STAT_H 1
| #define HAVE_STDLIB_H 1
| #define HAVE_STRING_H 1
| #define HAVE_MEMORY_H 1
| #define HAVE_STRINGS_H 1
| #define HAVE_INTTYPES_H 1
| #define HAVE_STDINT_H 1
| #define HAVE_UNISTD_H 1
| #define __EXTENSIONS__ 1
| #define _ALL_SOURCE 1
| #define _GNU_SOURCE 1
| #define _POSIX_PTHREAD_SEMANTICS 1
| #define _TANDEM_SOURCE 1
| #define HAVE_NETLINK 1
| #define HAVE_OPENSSL 1
| #define HAVE_IF_PACKET 1
| #define HAVE_STRUCT_STAT_ST_MTIM_TV_NSEC 1
| /* end confdefs.h.  */
| #include <sys/stat.h>
| 
| int
| main ()
| {
| static struct stat ac_aggr;
| if (ac_aggr.st_mtimensec)
| return 0;
|   ;
|   return 0;
| }
configure:5916: gcc -c -g -O2  conftest.c >&5
conftest.c: In function 'main':
conftest.c:36:19: error: 'struct stat' has no member named 'st_mtimensec'
configure:5916: $? = 1
configure: failed program was:
| /* confdefs.h */
| #define PACKAGE_NAME "openvswitch"
| #define PACKAGE_TARNAME "openvswitch"
| #define PACKAGE_VERSION "1.9.0"
| #define PACKAGE_STRING "openvswitch 1.9.0"
| #define PACKAGE_BUGREPORT "ovs-bugs@openvswitch.org"
| #define PACKAGE_URL ""
| #define PACKAGE "openvswitch"
| #define VERSION "1.9.0"
| #define STDC_HEADERS 1
| #define HAVE_SYS_TYPES_H 1
| #define HAVE_SYS_STAT_H 1
| #define HAVE_STDLIB_H 1
| #define HAVE_STRING_H 1
| #define HAVE_MEMORY_H 1
| #define HAVE_STRINGS_H 1
| #define HAVE_INTTYPES_H 1
| #define HAVE_STDINT_H 1
| #define HAVE_UNISTD_H 1
| #define __EXTENSIONS__ 1
| #define _ALL_SOURCE 1
| #define _GNU_SOURCE 1
| #define _POSIX_PTHREAD_SEMANTICS 1
| #define _TANDEM_SOURCE 1
| #define HAVE_NETLINK 1
| #define HAVE_OPENSSL 1
| #define HAVE_IF_PACKET 1
| #define HAVE_STRUCT_STAT_ST_MTIM_TV_NSEC 1
| /* end confdefs.h.  */
| #include <sys/stat.h>
| 
| int
| main ()
| {
| static struct stat ac_aggr;
| if (sizeof ac_aggr.st_mtimensec)
| return 0;
|   ;
|   return 0;
| }
configure:5916: result: no
configure:5930: checking for mlockall
configure:5930: gcc -o conftest -g -O2   conftest.c -lpcap -lrt -lm  >&5
configure:5930: $? = 0
configure:5930: result: yes
configure:5930: checking for strnlen
configure:5930: gcc -o conftest -g -O2   conftest.c -lpcap -lrt -lm  >&5
configure:5930: $? = 0
configure:5930: result: yes
configure:5930: checking for strsignal
configure:5930: gcc -o conftest -g -O2   conftest.c -lpcap -lrt -lm  >&5
configure:5930: $? = 0
configure:5930: result: yes
configure:5930: checking for getloadavg
configure:5930: gcc -o conftest -g -O2   conftest.c -lpcap -lrt -lm  >&5
configure:5930: $? = 0
configure:5930: result: yes
configure:5930: checking for statvfs
configure:5930: gcc -o conftest -g -O2   conftest.c -lpcap -lrt -lm  >&5
configure:5930: $? = 0
configure:5930: result: yes
configure:5930: checking for setmntent
configure:5930: gcc -o conftest -g -O2   conftest.c -lpcap -lrt -lm  >&5
configure:5930: $? = 0
configure:5930: result: yes
configure:5942: checking mntent.h usability
configure:5942: gcc -c -g -O2  conftest.c >&5
configure:5942: $? = 0
configure:5942: result: yes
configure:5942: checking mntent.h presence
configure:5942: gcc -E  conftest.c
configure:5942: $? = 0
configure:5942: result: yes
configure:5942: checking for mntent.h
configure:5942: result: yes
configure:5942: checking sys/statvfs.h usability
configure:5942: gcc -c -g -O2  conftest.c >&5
configure:5942: $? = 0
configure:5942: result: yes
configure:5942: checking sys/statvfs.h presence
configure:5942: gcc -E  conftest.c
configure:5942: $? = 0
configure:5942: result: yes
configure:5942: checking for sys/statvfs.h
configure:5942: result: yes
configure:5942: checking linux/types.h usability
configure:5942: gcc -c -g -O2  conftest.c >&5
configure:5942: $? = 0
configure:5942: result: yes
configure:5942: checking linux/types.h presence
configure:5942: gcc -E  conftest.c
configure:5942: $? = 0
configure:5942: result: yes
configure:5942: checking for linux/types.h
configure:5942: result: yes
configure:5942: checking execinfo.h usability
configure:5942: gcc -c -g -O2  conftest.c >&5
configure:5942: $? = 0
configure:5942: result: yes
configure:5942: checking execinfo.h presence
configure:5942: gcc -E  conftest.c
configure:5942: $? = 0
configure:5942: result: yes
configure:5942: checking for execinfo.h
configure:5942: result: yes
configure:5980: checking for execinfo.h
configure:5980: result: yes
configure:5984: checking for backtrace
configure:5984: gcc -o conftest -g -O2   conftest.c -lpcap -lrt -lm  >&5
configure:5984: $? = 0
configure:5984: result: yes
configure:5996: checking whether libc supports hooks for malloc and related functions
configure:6015: gcc -c -g -O2  conftest.c >&5
conftest.c: In function 'main':
conftest.c:46:1: warning: '__malloc_hook' is deprecated (declared at /usr/include/malloc.h:176) [-Wdeprecated-declarations]
conftest.c:47:11: warning: '__realloc_hook' is deprecated (declared at /usr/include/malloc.h:179) [-Wdeprecated-declarations]
conftest.c:48:11: warning: '__free_hook' is deprecated (declared at /usr/include/malloc.h:173) [-Wdeprecated-declarations]
configure:6015: $? = 0
configure:6022: result: yes
configure:6031: checking valgrind/valgrind.h usability
configure:6031: gcc -c -g -O2  conftest.c >&5
configure:6031: $? = 0
configure:6031: result: yes
configure:6031: checking valgrind/valgrind.h presence
configure:6031: gcc -E  conftest.c
configure:6031: $? = 0
configure:6031: result: yes
configure:6031: checking for valgrind/valgrind.h
configure:6031: result: yes
configure:6041: checking for connect in -lsocket
configure:6066: gcc -o conftest -g -O2   conftest.c -lsocket  -lpcap -lrt -lm  >&5
/usr/bin/ld: cannot find -lsocket
collect2: error: ld returned 1 exit status
configure:6066: $? = 1
configure: failed program was:
| /* confdefs.h */
| #define PACKAGE_NAME "openvswitch"
| #define PACKAGE_TARNAME "openvswitch"
| #define PACKAGE_VERSION "1.9.0"
| #define PACKAGE_STRING "openvswitch 1.9.0"
| #define PACKAGE_BUGREPORT "ovs-bugs@openvswitch.org"
| #define PACKAGE_URL ""
| #define PACKAGE "openvswitch"
| #define VERSION "1.9.0"
| #define STDC_HEADERS 1
| #define HAVE_SYS_TYPES_H 1
| #define HAVE_SYS_STAT_H 1
| #define HAVE_STDLIB_H 1
| #define HAVE_STRING_H 1
| #define HAVE_MEMORY_H 1
| #define HAVE_STRINGS_H 1
| #define HAVE_INTTYPES_H 1
| #define HAVE_STDINT_H 1
| #define HAVE_UNISTD_H 1
| #define __EXTENSIONS__ 1
| #define _ALL_SOURCE 1
| #define _GNU_SOURCE 1
| #define _POSIX_PTHREAD_SEMANTICS 1
| #define _TANDEM_SOURCE 1
| #define HAVE_NETLINK 1
| #define HAVE_OPENSSL 1
| #define HAVE_IF_PACKET 1
| #define HAVE_STRUCT_STAT_ST_MTIM_TV_NSEC 1
| #define HAVE_MLOCKALL 1
| #define HAVE_STRNLEN 1
| #define HAVE_STRSIGNAL 1
| #define HAVE_GETLOADAVG 1
| #define HAVE_STATVFS 1
| #define HAVE_SETMNTENT 1
| #define HAVE_MNTENT_H 1
| #define HAVE_SYS_STATVFS_H 1
| #define HAVE_LINUX_TYPES_H 1
| #define HAVE_EXECINFO_H 1
| #define HAVE_BACKTRACE 1
| #define HAVE_MALLOC_HOOKS 1
| #define HAVE_VALGRIND_VALGRIND_H 1
| /* end confdefs.h.  */
| 
| /* Override any GCC internal prototype to avoid an error.
|    Use char because int might match the return type of a GCC
|    builtin and then its argument prototype would still apply.  */
| #ifdef __cplusplus
| extern "C"
| #endif
| char connect ();
| int
| main ()
| {
| return connect ();
|   ;
|   return 0;
| }
configure:6075: result: no
configure:6086: checking for library containing gethostbyname
configure:6117: gcc -o conftest -g -O2   conftest.c -lpcap -lrt -lm  >&5
configure:6117: $? = 0
configure:6134: result: none required
configure:6142: checking for user-defined linker section support
configure:6179: gcc -o conftest -g -O2   conftest1.c conftest2.c -lpcap -lrt -lm  >&5
configure:6188: $? = 0
configure:6210: result: yes
configure:6225: checking XenServer release
configure:6237: result: none
configure:6249: checking for groff
configure:6260: result: yes
configure:6295: checking whether make is GNU make
configure:6301: invoking make --version:
GNU Make 3.81
Copyright (C) 2006  Free Software Foundation, Inc.
This is free software; see the source for copying conditions.
There is NO warranty; not even for MERCHANTABILITY or FITNESS FOR A
PARTICULAR PURPOSE.

This program built for x86_64-pc-linux-gnu
configure:6312: result: yes
configure:6338: checking whether gcc accepts -Wall
configure:6356: gcc -c -g -O2 -Wall  conftest.c >&5
configure:6356: $? = 0
configure:6364: result: yes
configure:6374: checking whether gcc accepts -Wno-sign-compare
configure:6392: gcc -c -g -O2 -Wno-sign-compare  conftest.c >&5
configure:6392: $? = 0
configure:6400: result: yes
configure:6410: checking whether gcc accepts -Wpointer-arith
configure:6428: gcc -c -g -O2 -Wpointer-arith  conftest.c >&5
configure:6428: $? = 0
configure:6436: result: yes
configure:6446: checking whether gcc accepts -Wdeclaration-after-statement
configure:6464: gcc -c -g -O2 -Wdeclaration-after-statement  conftest.c >&5
configure:6464: $? = 0
configure:6472: result: yes
configure:6482: checking whether gcc accepts -Wformat-security
configure:6500: gcc -c -g -O2 -Wformat-security  conftest.c >&5
configure:6500: $? = 0
configure:6508: result: yes
configure:6518: checking whether gcc accepts -Wswitch-enum
configure:6536: gcc -c -g -O2 -Wswitch-enum  conftest.c >&5
configure:6536: $? = 0
configure:6544: result: yes
configure:6554: checking whether gcc accepts -Wunused-parameter
configure:6572: gcc -c -g -O2 -Wunused-parameter  conftest.c >&5
configure:6572: $? = 0
configure:6580: result: yes
configure:6590: checking whether gcc accepts -Wstrict-aliasing
configure:6608: gcc -c -g -O2 -Wstrict-aliasing  conftest.c >&5
configure:6608: $? = 0
configure:6616: result: yes
configure:6626: checking whether gcc accepts -Wbad-function-cast
configure:6644: gcc -c -g -O2 -Wbad-function-cast  conftest.c >&5
configure:6644: $? = 0
configure:6652: result: yes
configure:6662: checking whether gcc accepts -Wcast-align
configure:6680: gcc -c -g -O2 -Wcast-align  conftest.c >&5
configure:6680: $? = 0
configure:6688: result: yes
configure:6698: checking whether gcc accepts -Wstrict-prototypes
configure:6716: gcc -c -g -O2 -Wstrict-prototypes  conftest.c >&5
conftest.c:46:1: warning: function declaration isn't a prototype [-Wstrict-prototypes]
configure:6716: $? = 0
configure:6724: result: yes
configure:6734: checking whether gcc accepts -Wold-style-definition
configure:6752: gcc -c -g -O2 -Wold-style-definition  conftest.c >&5
conftest.c: In function 'main':
conftest.c:46:1: warning: old-style function definition [-Wold-style-definition]
configure:6752: $? = 0
configure:6760: result: yes
configure:6770: checking whether gcc accepts -Wmissing-prototypes
configure:6788: gcc -c -g -O2 -Wmissing-prototypes  conftest.c >&5
configure:6788: $? = 0
configure:6796: result: yes
configure:6806: checking whether gcc accepts -Wmissing-field-initializers
configure:6824: gcc -c -g -O2 -Wmissing-field-initializers  conftest.c >&5
configure:6824: $? = 0
configure:6832: result: yes
configure:6842: checking whether gcc accepts -Wno-override-init
configure:6860: gcc -c -g -O2 -Wno-override-init  conftest.c >&5
configure:6860: $? = 0
configure:6868: result: yes
configure:6878: checking whether gcc accepts -Wno-unused
configure:6896: gcc -c -g -O2 -Wno-unused  conftest.c >&5
configure:6896: $? = 0
configure:6904: result: yes
configure:6921: checking whether gcc accepts -Wno-unused-parameter
configure:6939: gcc -c -g -O2 -Wno-unused-parameter  conftest.c >&5
configure:6939: $? = 0
configure:6947: result: yes
configure:6971: checking target hint for cgcc
configure:6985: result: x86_64
configure:6997: checking whether make has GNU make $(if) extension
configure:7008: invoking make -f conftest.mk all:
make[1]: Entering directory `/home/lsch/mytest/openvswitch-1.9.0'
echo y > conftest.out
make[1]: Leaving directory `/home/lsch/mytest/openvswitch-1.9.0'
configure:7010: conftest.out contains:
y
configure:7020: result: yes
configure:7091: checking for Linux build directory
configure:7094: result: /lib/modules/3.5.0-23-generic/build
configure:7106: checking for Linux source directory
configure:7140: result: /lib/modules/3.5.0-23-generic/build
configure:7143: checking for kernel version
configure:7155: result: 3.5.7
configure:7181: checking whether src_err, matches in /lib/modules/3.5.0-23-generic/build/arch/x86/include/asm/checksum_32.h
configure:7195: result: no
configure:7211: checking whether ERR_CAST matches in /lib/modules/3.5.0-23-generic/build/include/linux/err.h
configure:7218: result: yes
configure:7241: checking whether ipv4_is_multicast matches in /lib/modules/3.5.0-23-generic/build/include/linux/in.h
configure:7248: result: yes
configure:7271: checking whether dev_disable_lro matches in /lib/modules/3.5.0-23-generic/build/include/linux/netdevice.h
configure:7278: result: yes
configure:7300: checking whether dev_get_stats matches in /lib/modules/3.5.0-23-generic/build/include/linux/netdevice.h
configure:7307: result: yes
configure:7329: checking whether dev_get_by_index_rcu matches in /lib/modules/3.5.0-23-generic/build/include/linux/netdevice.h
configure:7336: result: yes
configure:7359: checking whether rcu_read_lock_held matches in /lib/modules/3.5.0-23-generic/build/include/linux/rcupdate.h
configure:7366: result: yes
configure:7450: checking whether [^@]proto_data_valid matches in /lib/modules/3.5.0-23-generic/build/include/linux/skbuff.h
configure:7464: result: no
configure:7479: checking whether raw matches in /lib/modules/3.5.0-23-generic/build/include/linux/skbuff.h
configure:7493: result: no
configure:7508: checking whether skb_dst( matches in /lib/modules/3.5.0-23-generic/build/include/linux/skbuff.h
configure:7515: result: yes
configure:7537: checking whether skb_copy_from_linear_data_offset matches in /lib/modules/3.5.0-23-generic/build/include/linux/skbuff.h
configure:7544: result: yes
configure:7566: checking whether skb_reset_tail_pointer matches in /lib/modules/3.5.0-23-generic/build/include/linux/skbuff.h
configure:7573: result: yes
configure:7595: checking whether skb_cow_head matches in /lib/modules/3.5.0-23-generic/build/include/linux/skbuff.h
configure:7602: result: yes
configure:7624: checking whether skb_transport_header matches in /lib/modules/3.5.0-23-generic/build/include/linux/skbuff.h
configure:7631: result: yes
configure:7653: checking whether icmp6_hdr matches in /lib/modules/3.5.0-23-generic/build/include/linux/icmpv6.h
configure:7660: result: yes
configure:7682: checking whether skb_warn_if_lro matches in /lib/modules/3.5.0-23-generic/build/include/linux/skbuff.h
configure:7689: result: yes
configure:7711: checking whether consume_skb matches in /lib/modules/3.5.0-23-generic/build/include/linux/skbuff.h
configure:7718: result: yes
configure:7740: checking whether skb_frag_page matches in /lib/modules/3.5.0-23-generic/build/include/linux/skbuff.h
configure:7747: result: yes
configure:7770: checking whether kmemdup matches in /lib/modules/3.5.0-23-generic/build/include/linux/string.h
configure:7777: result: yes
configure:7856: checking whether bool matches in /lib/modules/3.5.0-23-generic/build/include/linux/types.h
configure:7863: result: yes
configure:7885: checking whether __wsum matches in /lib/modules/3.5.0-23-generic/build/include/linux/types.h
configure:7892: result: yes
configure:7915: checking whether csum_replace4 matches in /lib/modules/3.5.0-23-generic/build/include/net/checksum.h
configure:7922: result: yes
configure:7944: checking whether csum_unfold matches in /lib/modules/3.5.0-23-generic/build/include/net/checksum.h
configure:7951: result: yes
configure:7974: checking whether NLA_NUL_STRING matches in /lib/modules/3.5.0-23-generic/build/include/net/netlink.h
configure:7981: result: yes
configure:8003: checking whether nla_get_be16 matches in /lib/modules/3.5.0-23-generic/build/include/net/netlink.h
configure:8010: result: yes
configure:8032: checking whether nla_find_nested matches in /lib/modules/3.5.0-23-generic/build/include/net/netlink.h
configure:8039: result: yes
configure:8062: checking whether ADD_ALL_VLANS_CMD matches in /lib/modules/3.5.0-23-generic/build/include/linux/if_vlan.h
configure:8076: result: no
configure:8092: checking for /lib/modules/3.5.0-23-generic/build/include/linux/log2.h
configure:8095: result: yes
configure:8354: creating ./config.status

## ---------------- ##
## Cache variables. ##
## ---------------- ##

ac_cv_c_bigendian=no
ac_cv_c_compiler_gnu=yes
ac_cv_env_CC_set=
ac_cv_env_CC_value=
ac_cv_env_CFLAGS_set=
ac_cv_env_CFLAGS_value=
ac_cv_env_CPPFLAGS_set=
ac_cv_env_CPPFLAGS_value=
ac_cv_env_CPP_set=
ac_cv_env_CPP_value=
ac_cv_env_KARCH_set=
ac_cv_env_KARCH_value=
ac_cv_env_LDFLAGS_set=
ac_cv_env_LDFLAGS_value=
ac_cv_env_LIBS_set=
ac_cv_env_LIBS_value=
ac_cv_env_PERL_set=
ac_cv_env_PERL_value=
ac_cv_env_PKG_CONFIG_LIBDIR_set=
ac_cv_env_PKG_CONFIG_LIBDIR_value=
ac_cv_env_PKG_CONFIG_PATH_set=
ac_cv_env_PKG_CONFIG_PATH_value=
ac_cv_env_PKG_CONFIG_set=
ac_cv_env_PKG_CONFIG_value=
ac_cv_env_SSL_CFLAGS_set=
ac_cv_env_SSL_CFLAGS_value=
ac_cv_env_SSL_LIBS_set=
ac_cv_env_SSL_LIBS_value=
ac_cv_env_build_alias_set=
ac_cv_env_build_alias_value=
ac_cv_env_host_alias_set=
ac_cv_env_host_alias_value=
ac_cv_env_target_alias_set=
ac_cv_env_target_alias_value=
ac_cv_func_backtrace=yes
ac_cv_func_getloadavg=yes
ac_cv_func_mlockall=yes
ac_cv_func_setmntent=yes
ac_cv_func_statvfs=yes
ac_cv_func_strnlen=yes
ac_cv_func_strsignal=yes
ac_cv_header_execinfo_h=yes
ac_cv_header_inttypes_h=yes
ac_cv_header_linux_netlink_h=yes
ac_cv_header_linux_types_h=yes
ac_cv_header_memory_h=yes
ac_cv_header_minix_config_h=no
ac_cv_header_mntent_h=yes
ac_cv_header_net_if_dl_h=no
ac_cv_header_net_if_packet_h=yes
ac_cv_header_stdc=yes
ac_cv_header_stdint_h=yes
ac_cv_header_stdlib_h=yes
ac_cv_header_string_h=yes
ac_cv_header_strings_h=yes
ac_cv_header_sys_stat_h=yes
ac_cv_header_sys_statvfs_h=yes
ac_cv_header_sys_types_h=yes
ac_cv_header_unistd_h=yes
ac_cv_header_valgrind_valgrind_h=yes
ac_cv_header_vmware_h=no
ac_cv_lib_socket_connect=no
ac_cv_member_struct_stat_st_mtim_tv_nsec=yes
ac_cv_member_struct_stat_st_mtimensec=no
ac_cv_objext=o
ac_cv_path_EGREP='/bin/grep -E'
ac_cv_path_FGREP='/bin/grep -F'
ac_cv_path_GREP=/bin/grep
ac_cv_path_PERL=/usr/bin/perl
ac_cv_path_ac_pt_PKG_CONFIG=/usr/bin/pkg-config
ac_cv_path_install='/usr/bin/install -c'
ac_cv_path_mkdir=/bin/mkdir
ac_cv_prog_AWK=mawk
ac_cv_prog_CPP='gcc -E'
ac_cv_prog_ac_ct_CC=gcc
ac_cv_prog_ac_ct_RANLIB=ranlib
ac_cv_prog_cc_c89=
ac_cv_prog_cc_g=yes
ac_cv_prog_cc_gcc_c_o=yes
ac_cv_prog_make_make_set=yes
ac_cv_safe_to_define___extensions__=yes
ac_cv_search_clock_gettime=-lrt
ac_cv_search_gethostbyname='none required'
ac_cv_search_pcap_open_live=-lpcap
ac_cv_search_pow=-lm
ac_cv_search_timer_create='none required'
ac_cv_sparse_target=x86_64
ac_cv_sys_file_offset_bits=no
ac_cv_sys_largefile_CC=no
am_cv_CC_dependencies_compiler_type=gcc3
ovs_cv__Wall=yes
ovs_cv__Wbad_function_cast=yes
ovs_cv__Wcast_align=yes
ovs_cv__Wdeclaration_after_statement=yes
ovs_cv__Wformat_security=yes
ovs_cv__Wmissing_field_initializers=yes
ovs_cv__Wmissing_prototypes=yes
ovs_cv__Wno_override_init=yes
ovs_cv__Wno_sign_compare=yes
ovs_cv__Wno_unused=yes
ovs_cv__Wno_unused_parameter=yes
ovs_cv__Wold_style_definition=yes
ovs_cv__Wpointer_arith=yes
ovs_cv__Wstrict_aliasing=yes
ovs_cv__Wstrict_prototypes=yes
ovs_cv__Wswitch_enum=yes
ovs_cv__Wunused_parameter=yes
ovs_cv_dot=yes
ovs_cv_gnu_make=yes
ovs_cv_gnu_make_if=yes
ovs_cv_groff=yes
ovs_cv_malloc_hooks=yes
ovs_cv_py_PyQt4_QtCore=no
ovs_cv_py_PySide_QtCore=no
ovs_cv_py_json=yes
ovs_cv_py_twisted_application=yes
ovs_cv_py_twisted_conch_ssh=yes
ovs_cv_py_twisted_internet=yes
ovs_cv_py_zope_interface=yes
ovs_cv_python=/usr/bin/python
ovs_cv_pyuic4=no
ovs_cv_strtok_r_bug=no
ovs_cv_use_linker_sections=yes
ovs_cv_xsversion=none
pkg_cv_SSL_CFLAGS=' '
pkg_cv_SSL_LIBS='-lssl -lcrypto  '

## ----------------- ##
## Output variables. ##
## ----------------- ##

ACLOCAL='${SHELL} /home/lsch/mytest/openvswitch-1.9.0/build-aux/missing --run aclocal-1.11'
AMDEPBACKSLASH='\'
AMDEP_FALSE='#'
AMDEP_TRUE=''
AMTAR='$${TAR-tar}'
AUTOCONF='${SHELL} /home/lsch/mytest/openvswitch-1.9.0/build-aux/missing --run autoconf'
AUTOHEADER='${SHELL} /home/lsch/mytest/openvswitch-1.9.0/build-aux/missing --run autoheader'
AUTOM4TE='${SHELL} /home/lsch/mytest/openvswitch-1.9.0/build-aux/missing --run autom4te'
AUTOMAKE='${SHELL} /home/lsch/mytest/openvswitch-1.9.0/build-aux/missing --run automake-1.11'
AWK='mawk'
BUILD_BRCOMPAT='yes'
BUILD_BRCOMPAT_FALSE='#'
BUILD_BRCOMPAT_TRUE=''
BUILD_OVSDBMONITOR_FALSE=''
BUILD_OVSDBMONITOR_TRUE='#'
CC='$(if $(C),REAL_CC="gcc" CHECK="$(SPARSE) -I $(top_srcdir)/include/sparse $(SPARSEFLAGS)" cgcc $(CGCCFLAGS),gcc)'
CCDEPMODE='depmode=gcc3'
CFLAGS='-g -O2'
CGCCFLAGS='-target=x86_64'
CPP='gcc -E'
CPPFLAGS=''
CYGPATH_W='echo'
DBDIR='${sysconfdir}/${PACKAGE}'
DEFS='-DHAVE_CONFIG_H'
DEPDIR='.deps'
ECHO_C=''
ECHO_N='-n'
ECHO_T=''
EGREP='/bin/grep -E'
ESX_FALSE=''
ESX_TRUE='#'
EXEEXT=''
FGREP='/bin/grep -F'
GNU_MAKE_FALSE='#'
GNU_MAKE_TRUE=''
GREP='/bin/grep'
HAVE_DOT_FALSE='#'
HAVE_DOT_TRUE=''
HAVE_GROFF_FALSE='#'
HAVE_GROFF_TRUE=''
HAVE_IF_DL_FALSE=''
HAVE_IF_DL_TRUE='#'
HAVE_IF_PACKET_FALSE='#'
HAVE_IF_PACKET_TRUE=''
HAVE_NETLINK_FALSE='#'
HAVE_NETLINK_TRUE=''
HAVE_OPENSSL='yes'
HAVE_OPENSSL_FALSE='#'
HAVE_OPENSSL_TRUE=''
HAVE_PYTHON='yes'
HAVE_PYTHON_FALSE='#'
HAVE_PYTHON_TRUE=''
HAVE_WNO_UNUSED_FALSE='#'
HAVE_WNO_UNUSED_PARAMETER_FALSE='#'
HAVE_WNO_UNUSED_PARAMETER_TRUE=''
HAVE_WNO_UNUSED_TRUE=''
INSTALL_DATA='${INSTALL} -m 644'
INSTALL_PROGRAM='${INSTALL}'
INSTALL_SCRIPT='${INSTALL}'
INSTALL_STRIP_PROGRAM='$(install_sh) -c -s'
KARCH=''
KBUILD='/lib/modules/3.5.0-23-generic/build'
LDFLAGS=''
LIBOBJS=''
LIBS='-lpcap -lrt -lm '
LINUX_DATAPATH_FALSE='#'
LINUX_DATAPATH_TRUE=''
LINUX_ENABLED_FALSE='#'
LINUX_ENABLED_TRUE=''
LOGDIR='${localstatedir}/log/${PACKAGE}'
LTLIBOBJS=''
MAKEINFO='${SHELL} /home/lsch/mytest/openvswitch-1.9.0/build-aux/missing --run makeinfo'
MKDIR_P='/bin/mkdir -p'
NDEBUG_FALSE=''
NDEBUG_TRUE='#'
OBJEXT='o'
PACKAGE='openvswitch'
PACKAGE_BUGREPORT='ovs-bugs@openvswitch.org'
PACKAGE_NAME='openvswitch'
PACKAGE_STRING='openvswitch 1.9.0'
PACKAGE_TARNAME='openvswitch'
PACKAGE_URL=''
PACKAGE_VERSION='1.9.0'
PATH_SEPARATOR=':'
PERL='/usr/bin/perl'
PKG_CONFIG='/usr/bin/pkg-config'
PKG_CONFIG_LIBDIR=''
PKG_CONFIG_PATH=''
PKIDIR='${localstatedir}/lib/openvswitch/pki'
PYTHON='/usr/bin/python'
PYUIC4='${SHELL} /home/lsch/mytest/openvswitch-1.9.0/build-aux/missing --run pyuic4'
RANLIB='ranlib'
RUNDIR='${localstatedir}/run/openvswitch'
SET_MAKE=''
SHELL='/bin/bash'
SPARSE='sparse'
SPARSEFLAGS='-m64'
SSL_CFLAGS=' '
SSL_LIBS='-lssl -lcrypto  '
STRIP=''
USE_LINKER_SECTIONS_FALSE='#'
USE_LINKER_SECTIONS_TRUE=''
VERSION='1.9.0'
WARNING_FLAGS=' -Wall -Wno-sign-compare -Wpointer-arith -Wdeclaration-after-statement -Wformat-security -Wswitch-enum -Wunused-parameter -Wstrict-aliasing -Wbad-function-cast -Wcast-align -Wstrict-prototypes -Wold-style-definition -Wmissing-prototypes -Wmissing-field-initializers -Wno-override-init'
ac_ct_CC='gcc'
am__EXEEXT_FALSE=''
am__EXEEXT_TRUE='#'
am__fastdepCC_FALSE='#'
am__fastdepCC_TRUE=''
am__include='include'
am__isrc=''
am__leading_dot='.'
am__nodep='_no'
am__quote=''
am__tar='$${TAR-tar} chof - "$$tardir"'
am__untar='$${TAR-tar} xf -'
bindir='${exec_prefix}/bin'
build_alias=''
datadir='${datarootdir}'
datarootdir='${prefix}/share'
docdir='${datarootdir}/doc/${PACKAGE_TARNAME}'
dvidir='${docdir}'
exec_prefix='${prefix}'
host_alias=''
htmldir='${docdir}'
includedir='${prefix}/include'
infodir='${datarootdir}/info'
install_sh='${SHELL} /home/lsch/mytest/openvswitch-1.9.0/build-aux/install-sh'
libdir='${exec_prefix}/lib'
libexecdir='${exec_prefix}/libexec'
localedir='${datarootdir}/locale'
localstatedir='${prefix}/var'
mandir='${datarootdir}/man'
mkdir_p='/bin/mkdir -p'
oldincludedir='/usr/include'
pdfdir='${docdir}'
prefix='/usr/local'
program_transform_name='s,x,x,'
psdir='${docdir}'
sbindir='${exec_prefix}/sbin'
sharedstatedir='${prefix}/com'
sysconfdir='${prefix}/etc'
target_alias=''

## ----------- ##
## confdefs.h. ##
## ----------- ##

/* confdefs.h */
#define PACKAGE_NAME "openvswitch"
#define PACKAGE_TARNAME "openvswitch"
#define PACKAGE_VERSION "1.9.0"
#define PACKAGE_STRING "openvswitch 1.9.0"
#define PACKAGE_BUGREPORT "ovs-bugs@openvswitch.org"
#define PACKAGE_URL ""
#define PACKAGE "openvswitch"
#define VERSION "1.9.0"
#define STDC_HEADERS 1
#define HAVE_SYS_TYPES_H 1
#define HAVE_SYS_STAT_H 1
#define HAVE_STDLIB_H 1
#define HAVE_STRING_H 1
#define HAVE_MEMORY_H 1
#define HAVE_STRINGS_H 1
#define HAVE_INTTYPES_H 1
#define HAVE_STDINT_H 1
#define HAVE_UNISTD_H 1
#define __EXTENSIONS__ 1
#define _ALL_SOURCE 1
#define _GNU_SOURCE 1
#define _POSIX_PTHREAD_SEMANTICS 1
#define _TANDEM_SOURCE 1
#define HAVE_NETLINK 1
#define HAVE_OPENSSL 1
#define HAVE_IF_PACKET 1
#define HAVE_STRUCT_STAT_ST_MTIM_TV_NSEC 1
#define HAVE_MLOCKALL 1
#define HAVE_STRNLEN 1
#define HAVE_STRSIGNAL 1
#define HAVE_GETLOADAVG 1
#define HAVE_STATVFS 1
#define HAVE_SETMNTENT 1
#define HAVE_MNTENT_H 1
#define HAVE_SYS_STATVFS_H 1
#define HAVE_LINUX_TYPES_H 1
#define HAVE_EXECINFO_H 1
#define HAVE_BACKTRACE 1
#define HAVE_MALLOC_HOOKS 1
#define HAVE_VALGRIND_VALGRIND_H 1
#define USE_LINKER_SECTIONS 1
#define LINUX_DATAPATH 1

configure: exit 0

## ---------------------- ##
## Running config.status. ##
## ---------------------- ##

This file was extended by openvswitch config.status 1.9.0, which was
generated by GNU Autoconf 2.68.  Invocation command line was

  CONFIG_FILES    = 
  CONFIG_HEADERS  = 
  CONFIG_LINKS    = 
  CONFIG_COMMANDS = 
  $ ./config.status 

on lsch

config.status:953: creating Makefile
config.status:953: creating datapath/Makefile
config.status:953: creating datapath/linux/Kbuild
config.status:953: creating datapath/linux/Makefile
config.status:953: creating datapath/linux/Makefile.main
config.status:953: creating tests/atlocal
config.status:953: creating config.h
config.status:1134: config.h is unchanged
config.status:1182: executing tests/atconfig commands
config.status:1182: executing depfiles commands
config.status:1182: executing include/openflow/openflow.h.stamp commands
config.status:1182: executing ovsdb/ovsdbmonitor/dummy commands
config.status:1182: executing utilities/bugtool/dummy commands
